#
# A fatal error has been detected by the Java Runtime Environment:
#
#  Internal Error (javaCalls.cpp:51), pid=21128, tid=0x00000000000054b4
#  guarantee(thread->is_Java_thread()) failed: crucial check - the VM thread cannot and must not escape to Java code
#
# JRE version: Java(TM) SE Runtime Environment (8.0_201-b09) (build 1.8.0_201-b09)
# Java VM: Java HotSpot(TM) 64-Bit Server VM (25.201-b09 mixed mode windows-amd64 compressed oops)
# Failed to write core dump. Minidumps are not enabled by default on client versions of Windows
#
# If you would like to submit a bug report, please visit:
#   http://bugreport.java.com/bugreport/crash.jsp
#

---------------  T H R E A D  ---------------

Current thread (0x0000000017aea000):  VMThread [stack: 0x00000000197c0000,0x00000000198c0000] [id=21684]

Stack: [0x00000000197c0000,0x00000000198c0000]
[error occurred during error reporting (printing stack bounds), id 0xc0000005]

Native frames: (J=compiled Java code, j=interpreted, Vv=VM code, C=native code)

VM_Operation (0x000000001a5ff090): GetOrSetLocal, mode: safepoint, requested by thread 0x00000000199f4800


---------------  P R O C E S S  ---------------

Java Threads: ( => current thread )
  0x0000000019ad7000 JavaThread "Service Thread" daemon [_thread_blocked, id=17356, stack(0x000000001ac00000,0x000000001ad00000)]
  0x0000000019ae4800 JavaThread "C1 CompilerThread3" daemon [_thread_blocked, id=5168, stack(0x000000001ab00000,0x000000001ac00000)]
  0x0000000019ae1800 JavaThread "C2 CompilerThread2" daemon [_thread_blocked, id=20372, stack(0x000000001aa00000,0x000000001ab00000)]
  0x0000000019add000 JavaThread "C2 CompilerThread1" daemon [_thread_blocked, id=20124, stack(0x000000001a900000,0x000000001aa00000)]
  0x0000000019adc000 JavaThread "C2 CompilerThread0" daemon [_thread_blocked, id=15448, stack(0x000000001a800000,0x000000001a900000)]
  0x0000000019a02000 JavaThread "JDWP Command Reader" daemon [_thread_in_native, id=7820, stack(0x000000001a700000,0x000000001a800000)]
  0x00000000199ff000 JavaThread "JDWP Event Helper Thread" daemon [_thread_blocked, id=23240, stack(0x000000001a600000,0x000000001a700000)]
  0x00000000199f4800 JavaThread "JDWP Transport Listener: dt_socket" daemon [_thread_blocked, id=20652, stack(0x000000001a500000,0x000000001a600000)]
  0x00000000199ea000 JavaThread "Attach Listener" daemon [_thread_blocked, id=21896, stack(0x000000001a0c0000,0x000000001a1c0000)]
  0x00000000199e9000 JavaThread "Signal Dispatcher" daemon [_thread_blocked, id=14600, stack(0x0000000019fc0000,0x000000001a0c0000)]
  0x00000000199e0800 JavaThread "Finalizer" daemon [_thread_blocked, id=21012, stack(0x0000000019dc0000,0x0000000019ec0000)]
  0x0000000002bf9000 JavaThread "Reference Handler" daemon [_thread_blocked, id=20968, stack(0x00000000198c0000,0x00000000199c0000)]
  0x0000000002b02800 JavaThread "main" [_thread_blocked, id=14328, stack(0x0000000002870000,0x0000000002970000)]

Other Threads:
=>0x0000000017aea000 VMThread [stack: 0x00000000197c0000,0x00000000198c0000] [id=21684]
  0x0000000019c67800 WatcherThread [stack: 0x000000001ad00000,0x000000001ae00000] [id=21608]

VM state:at safepoint (normal execution)

VM Mutex/Monitor currently owned by a thread:  ([mutex/lock_event])
[0x000000000282eab0] Threads_lock - owner thread: 0x0000000017aea000

heap address: 0x0000000082800000, size: 2008 MB, Compressed Oops mode: 32-bit
Narrow klass base: 0x0000000000000000, Narrow klass shift: 3
Compressed class space size: 1073741824 Address: 0x0000000100000000

Heap:
 PSYoungGen      total 37888K, used 5954K [0x00000000d6300000, 0x00000000d8d00000, 0x0000000100000000)
  eden space 32768K, 18% used [0x00000000d6300000,0x00000000d68d0b00,0x00000000d8300000)
  from space 5120K, 0% used [0x00000000d8800000,0x00000000d8800000,0x00000000d8d00000)
  to   space 5120K, 0% used [0x00000000d8300000,0x00000000d8300000,0x00000000d8800000)
 ParOldGen       total 86016K, used 0K [0x0000000082800000, 0x0000000087c00000, 0x00000000d6300000)
  object space 86016K, 0% used [0x0000000082800000,0x0000000082800000,0x0000000087c00000)
 Metaspace       used 4750K, capacity 4994K, committed 5248K, reserved 1056768K
  class space    used 515K, capacity 561K, committed 640K, reserved 1048576K

Card table byte_map: [0x0000000011fc0000,0x00000000123b0000] byte_map_base: 0x0000000011bac000

Marking Bits: (ParMarkBitMap*) 0x0000000064ff4ce0
 Begin Bits: [0x0000000012e50000, 0x0000000014db0000)
 End Bits:   [0x0000000014db0000, 0x0000000016d10000)

Polling page: 0x00000000027d0000

CodeCache: size=245760Kb used=1354Kb max_used=1366Kb free=244405Kb
 bounds [0x0000000002c00000, 0x0000000002e70000, 0x0000000011c00000]
 total_blobs=401 nmethods=119 adapters=203
 compilation: enabled

Compilation events (10 events):
Event: 3664.981 Thread 0x0000000019ae4800  115       3       org.eclipse.jdt.launching.internal.org.objectweb.asm.SymbolTable::addConstantUtf8 (98 bytes)
Event: 3664.982 Thread 0x0000000019ae4800 nmethod 115 0x0000000002d50090 code [0x0000000002d50280, 0x0000000002d50a78]
Event: 3782.258 Thread 0x0000000019ae4800  117   !   3       sun.instrument.TransformerManager::transform (98 bytes)
Event: 3782.259 Thread 0x0000000019ae4800 nmethod 117 0x0000000002d4f750 code [0x0000000002d4f8e0, 0x0000000002d4fd88]
Event: 3782.259 Thread 0x0000000019ae4800  116       3       sun.instrument.InstrumentationImpl::transform (38 bytes)
Event: 3782.259 Thread 0x0000000019ae4800 nmethod 116 0x0000000002d52610 code [0x0000000002d52780, 0x0000000002d52a28]
Event: 3782.259 Thread 0x0000000019ae4800  118       1       sun.instrument.TransformerManager::getSnapshotTransformerList (5 bytes)
Event: 3782.259 Thread 0x0000000019ae4800 nmethod 118 0x0000000002d52b50 code [0x0000000002d52ca0, 0x0000000002d52db0]
Event: 3835.421 Thread 0x0000000019add000  119       4       java.lang.String::equals (81 bytes)
Event: 3835.429 Thread 0x0000000019add000 nmethod 119 0x0000000002d55d10 code [0x0000000002d55e60, 0x0000000002d56158]

GC Heap History (0 events):
No events

Deoptimization events (0 events):
No events

Classes redefined (10 events):
Event: 49.018 Thread 0x0000000017aea000 redefined class name=com.home.Lkhjogkposkfb, count=1
Event: 178.449 Thread 0x0000000017aea000 redefined class name=com.home.Lkhjogkposkfb, count=2
Event: 449.237 Thread 0x0000000017aea000 redefined class name=com.home.Lkhjogkposkfb, count=3
Event: 460.511 Thread 0x0000000017aea000 redefined class name=com.home.Lkhjogkposkfb, count=4
Event: 467.587 Thread 0x0000000017aea000 redefined class name=com.home.Lkhjogkposkfb, count=5
Event: 3664.980 Thread 0x0000000017aea000 redefined class name=com.home.Lkhjogkposkfb, count=6
Event: 3684.225 Thread 0x0000000017aea000 redefined class name=com.home.Lkhjogkposkfb, count=7
Event: 3735.084 Thread 0x0000000017aea000 redefined class name=com.home.Lkhjogkposkfb, count=8
Event: 3782.259 Thread 0x0000000017aea000 redefined class name=com.home.Lkhjogkposkfb, count=9
Event: 3835.422 Thread 0x0000000017aea000 redefined class name=com.home.Lkhjogkposkfb, count=10

Internal exceptions (2 events):
Event: 0.036 Thread 0x0000000002b02800 Exception <a 'java/lang/NoSuchMethodError': Method sun.misc.Unsafe.defineClass(Ljava/lang/String;[BII)Ljava/lang/Class; name or signature does not match> (0x00000000d6307cb0) thrown at [C:\re\workspace\8-2-build-windows-amd64-cygwin\jdk8u201\12322\hotspot
Event: 0.036 Thread 0x0000000002b02800 Exception <a 'java/lang/NoSuchMethodError': Method sun.misc.Unsafe.prefetchRead(Ljava/lang/Object;J)V name or signature does not match> (0x00000000d6307f98) thrown at [C:\re\workspace\8-2-build-windows-amd64-cygwin\jdk8u201\12322\hotspot\src\share\vm\prim

Events (10 events):
Event: 3835.427 Executing VM operation: ChangeBreakpoints done
Event: 3835.434 Executing VM operation: ChangeBreakpoints
Event: 3835.434 Executing VM operation: ChangeBreakpoints done
Event: 3835.434 Executing VM operation: ChangeBreakpoints
Event: 3835.435 Executing VM operation: ChangeBreakpoints done
Event: 3835.696 Executing VM operation: GetOwnedMonitorInfo
Event: 3835.696 Executing VM operation: GetOwnedMonitorInfo done
Event: 3835.697 Executing VM operation: GetCurrentContendedMonitor
Event: 3835.697 Executing VM operation: GetCurrentContendedMonitor done
Event: 4021.246 Executing VM operation: GetOrSetLocal


Dynamic libraries:
0x00007ff7fda40000 - 0x00007ff7fda77000 	C:\Program Files\Java\jre1.8.0_201\bin\javaw.exe
0x00007ffb3e2d0000 - 0x00007ffb3e4bd000 	C:\windows\SYSTEM32\ntdll.dll
0x00007ffb35ea0000 - 0x00007ffb35eb2000 	C:\Program Files\AVAST Software\Avast\aswhook.dll
0x00007ffb3dea0000 - 0x00007ffb3df53000 	C:\windows\System32\KERNEL32.DLL
0x00007ffb3a720000 - 0x00007ffb3a9b3000 	C:\windows\System32\KERNELBASE.dll
0x00007ffb3df60000 - 0x00007ffb3e003000 	C:\windows\System32\ADVAPI32.dll
0x00007ffb3e150000 - 0x00007ffb3e1ee000 	C:\windows\System32\msvcrt.dll
0x00007ffb3e1f0000 - 0x00007ffb3e28e000 	C:\windows\System32\sechost.dll
0x00007ffb3d1b0000 - 0x00007ffb3d2d2000 	C:\windows\System32\RPCRT4.dll
0x00007ffb3d010000 - 0x00007ffb3d1a7000 	C:\windows\System32\USER32.dll
0x00007ffb3b320000 - 0x00007ffb3b340000 	C:\windows\System32\win32u.dll
0x00007ffb3d2e0000 - 0x00007ffb3d309000 	C:\windows\System32\GDI32.dll
0x00007ffb3b360000 - 0x00007ffb3b4fa000 	C:\windows\System32\gdi32full.dll
0x00007ffb3a470000 - 0x00007ffb3a510000 	C:\windows\System32\msvcp_win.dll
0x00007ffb3b220000 - 0x00007ffb3b31a000 	C:\windows\System32\ucrtbase.dll
0x00007ffb27380000 - 0x00007ffb275f9000 	C:\windows\WinSxS\amd64_microsoft.windows.common-controls_6595b64144ccf1df_6.0.17763.379_none_05b83be8071c94a1\COMCTL32.dll
0x00007ffb3ca60000 - 0x00007ffb3cd8d000 	C:\windows\System32\combase.dll
0x00007ffb3a3a0000 - 0x00007ffb3a41e000 	C:\windows\System32\bcryptPrimitives.dll
0x00007ffb3e080000 - 0x00007ffb3e0ae000 	C:\windows\System32\IMM32.DLL
0x0000000065150000 - 0x0000000065221000 	C:\Program Files\Java\jre1.8.0_201\bin\msvcr100.dll
0x00000000647d0000 - 0x0000000065074000 	C:\Program Files\Java\jre1.8.0_201\bin\server\jvm.dll
0x00007ffb3ca50000 - 0x00007ffb3ca58000 	C:\windows\System32\PSAPI.DLL
0x00007ffb29910000 - 0x00007ffb29919000 	C:\windows\SYSTEM32\WSOCK32.dll
0x00007ffb3e010000 - 0x00007ffb3e07d000 	C:\windows\System32\WS2_32.dll
0x00007ffb35e50000 - 0x00007ffb35e74000 	C:\windows\SYSTEM32\WINMM.dll
0x00007ffb2e760000 - 0x00007ffb2e76a000 	C:\windows\SYSTEM32\VERSION.dll
0x00007ffb35e20000 - 0x00007ffb35e4d000 	C:\windows\SYSTEM32\WINMMBASE.dll
0x00007ffb3a420000 - 0x00007ffb3a46a000 	C:\windows\System32\cfgmgr32.dll
0x00007ffb358c0000 - 0x00007ffb358cf000 	C:\Program Files\Java\jre1.8.0_201\bin\verify.dll
0x00007ffb23d20000 - 0x00007ffb23d49000 	C:\Program Files\Java\jre1.8.0_201\bin\java.dll
0x00007ffb34160000 - 0x00007ffb34195000 	C:\Program Files\Java\jre1.8.0_201\bin\jdwp.dll
0x00007ffb36bc0000 - 0x00007ffb36bc8000 	C:\Program Files\Java\jre1.8.0_201\bin\npt.dll
0x00007ffb34100000 - 0x00007ffb34123000 	C:\Program Files\Java\jre1.8.0_201\bin\instrument.dll
0x00007ffb238a0000 - 0x00007ffb238b6000 	C:\Program Files\Java\jre1.8.0_201\bin\zip.dll
0x00007ffb3b560000 - 0x00007ffb3ca50000 	C:\windows\System32\SHELL32.dll
0x00007ffb3cdf0000 - 0x00007ffb3ce98000 	C:\windows\System32\shcore.dll
0x00007ffb3a9c0000 - 0x00007ffb3b10a000 	C:\windows\System32\windows.storage.dll
0x00007ffb3a350000 - 0x00007ffb3a374000 	C:\windows\System32\profapi.dll
0x00007ffb3a2d0000 - 0x00007ffb3a32d000 	C:\windows\System32\powrprof.dll
0x00007ffb3d540000 - 0x00007ffb3d592000 	C:\windows\System32\shlwapi.dll
0x00007ffb3a330000 - 0x00007ffb3a341000 	C:\windows\System32\kernel.appcore.dll
0x00007ffb3b340000 - 0x00007ffb3b357000 	C:\windows\System32\cryptsp.dll
0x00007ffb36bb0000 - 0x00007ffb36bb9000 	C:\Program Files\Java\jre1.8.0_201\bin\dt_socket.dll
0x00007ffb17ce0000 - 0x00007ffb17cf6000 	C:\windows\system32\napinsp.dll
0x00007ffb17cc0000 - 0x00007ffb17cda000 	C:\windows\system32\pnrpnsp.dll
0x00007ffb39b50000 - 0x00007ffb39bb7000 	C:\windows\System32\mswsock.dll
0x00007ffb398f0000 - 0x00007ffb399b6000 	C:\windows\SYSTEM32\DNSAPI.dll
0x00007ffb3e290000 - 0x00007ffb3e298000 	C:\windows\System32\NSI.dll
0x00007ffb398b0000 - 0x00007ffb398ed000 	C:\windows\SYSTEM32\IPHLPAPI.DLL
0x00007ffb17cb0000 - 0x00007ffb17cbe000 	C:\windows\System32\winrnr.dll
0x00007ffb36a80000 - 0x00007ffb36a9b000 	C:\windows\system32\NLAapi.dll
0x00007ffb33350000 - 0x00007ffb33365000 	C:\windows\system32\wshbth.dll
0x00007ffb2b480000 - 0x00007ffb2b4f9000 	C:\windows\System32\fwpuclnt.dll
0x00007ffb3a6f0000 - 0x00007ffb3a716000 	C:\windows\System32\bcrypt.dll
0x00007ffb2b470000 - 0x00007ffb2b47a000 	C:\Windows\System32\rasadhlp.dll

VM Arguments:
jvm_args: -agentlib:jdwp=transport=dt_socket,suspend=y,address=localhost:55365 -javaagent:C:\Users\mailo\eclipse\java-2018-12\eclipse\configuration\org.eclipse.osgi\221\0\.cp\lib\javaagent-shaded.jar -Dfile.encoding=Cp1251 
java_command: com.home.Lkhjogkposkfb
java_class_path (initial): C:\Users\mailo\eclipse-workspace\JavaBasics\bin;C:\Users\mailo\eclipse\java-2018-12\eclipse\configuration\org.eclipse.osgi\221\0\.cp\lib\javaagent-shaded.jar
Launcher Type: SUN_STANDARD

Environment Variables:
JAVA_HOME=C:\Program Files\Java\jdk1.8.0_201
PATH=C:/Program Files/Java/jre1.8.0_201/bin/server;C:/Program Files/Java/jre1.8.0_201/bin;C:/Program Files/Java/jre1.8.0_201/lib/amd64;C:\Program Files (x86)\Common Files\Oracle\Java\javapath;C:\Program Files (x86)\Intel\Intel(R) Management Engine Components\iCLS\;C:\Program Files\Intel\Intel(R) Management Engine Components\iCLS\;C:\windows\system32;C:\windows;C:\windows\System32\Wbem;C:\windows\System32\WindowsPowerShell\v1.0\;C:\windows\System32\OpenSSH\;C:\Program Files (x86)\Intel\Intel(R) Management Engine Components\DAL;C:\Program Files\Intel\Intel(R) Management Engine Components\DAL;C:\Program Files\Intel\WiFi\bin\;C:\Program Files\Common Files\Intel\WirelessCommon\;C:\Program Files\Java\jdk1.8.0_201\bin;C:\Program Files\Git\cmd;C:\Users\mailo\AppData\Local\Microsoft\WindowsApps;C:\Program Files\Intel\WiFi\bin\;C:\Program Files\Common Files\Intel\WirelessCommon\;C:\Users\mailo\Desktop;
USERNAME=Lerchi
OS=Windows_NT
PROCESSOR_IDENTIFIER=Intel64 Family 6 Model 142 Stepping 10, GenuineIntel



---------------  S Y S T E M  ---------------

OS: Windows 10.0 , 64 bit Build 17763 (10.0.17763.379)

CPU:total 8 (initial active 8) (4 cores per cpu, 2 threads per core) family 6 model 142 stepping 10, cmov, cx8, fxsr, mmx, sse, sse2, sse3, ssse3, sse4.1, sse4.2, popcnt, avx, avx2, aes, clmul, erms, 3dnowpref, lzcnt, ht, tsc, tscinvbit, bmi1, bmi2, adx

Memory: 4k page, physical 8218788k(3172908k free), swap 9529508k(2433984k free)

vm_info: Java HotSpot(TM) 64-Bit Server VM (25.201-b09) for windows-amd64 JRE (1.8.0_201-b09), built on Dec 15 2018 18:36:39 by "java_re" with MS VC++ 10.0 (VS2010)

time: Tue Mar 26 16:26:54 2019
timezone: Eastern Daylight Time
elapsed time: 4021 seconds (0d 1h 7m 1s)

